# JRE version: Java(TM) SE Runtime Environment (8.0_131-b11) (build 1.8.0_131-b11)
# Java VM: Java HotSpot(TM) 64-Bit Server VM (25.131-b11 mixed mode windows-amd64 compressed oops)
Heap:
 PSYoungGen      total 857600K, used 483635K [0x0000000780700000, 0x00000007bdd80000, 0x00000007c0000000)
  eden space 849920K, 56% used [0x0000000780700000,0x000000079d7ccd68,0x00000007b4500000)
  from space 7680K, 100% used [0x00000007bc080000,0x00000007bc800000,0x00000007bc800000)
  to   space 18432K, 0% used [0x00000007bcb80000,0x00000007bcb80000,0x00000007bdd80000)
 ParOldGen       total 222208K, used 210241K [0x0000000701400000, 0x000000070ed00000, 0x0000000780700000)
  object space 222208K, 94% used [0x0000000701400000,0x000000070e1507e8,0x000000070ed00000)
 Metaspace       used 34130K, capacity 35814K, committed 36184K, reserved 1081344K
  class space    used 4804K, capacity 5123K, committed 5248K, reserved 1048576K
GC Heap History (10 events):
Event: 1728.660 GC heap before
{Heap before GC invocations=1134 (full 3):
 PSYoungGen      total 1023488K, used 1021184K [0x0000000780700000, 0x00000007bff00000, 0x00000007c0000000)
  eden space 1007616K, 100% used [0x0000000780700000,0x00000007bdf00000,0x00000007bdf00000)
  from space 15872K, 85% used [0x00000007bef80000,0x00000007bfcc0000,0x00000007bff00000)
  to   space 16384K, 0% used [0x00000007bdf00000,0x00000007bdf00000,0x00000007bef00000)
 ParOldGen       total 222208K, used 210145K [0x0000000701400000, 0x000000070ed00000, 0x0000000780700000)
  object space 222208K, 94% used [0x0000000701400000,0x000000070e1387e8,0x000000070ed00000)
 Metaspace       used 34130K, capacity 35814K, committed 36184K, reserved 1081344K
  class space    used 4804K, capacity 5123K, committed 5248K, reserved 1048576K
Event: 1728.664 GC heap after
Heap after GC invocations=1134 (full 3):
 PSYoungGen      total 1013248K, used 5152K [0x0000000780700000, 0x00000007c0000000, 0x00000007c0000000)
  eden space 1007616K, 0% used [0x0000000780700000,0x0000000780700000,0x00000007bdf00000)
  from space 5632K, 91% used [0x00000007bdf00000,0x00000007be408000,0x00000007be480000)
  to   space 17920K, 0% used [0x00000007bee80000,0x00000007bee80000,0x00000007c0000000)
 ParOldGen       total 222208K, used 210209K [0x0000000701400000, 0x000000070ed00000, 0x0000000780700000)
  object space 222208K, 94% used [0x0000000701400000,0x000000070e1487e8,0x000000070ed00000)
 Metaspace       used 34130K, capacity 35814K, committed 36184K, reserved 1081344K
  class space    used 4804K, capacity 5123K, committed 5248K, reserved 1048576K
}
Event: 1730.196 GC heap before
{Heap before GC invocations=1135 (full 3):
 PSYoungGen      total 1013248K, used 1012768K [0x0000000780700000, 0x00000007c0000000, 0x00000007c0000000)
  eden space 1007616K, 100% used [0x0000000780700000,0x00000007bdf00000,0x00000007bdf00000)
  from space 5632K, 91% used [0x00000007bdf00000,0x00000007be408000,0x00000007be480000)
  to   space 17920K, 0% used [0x00000007bee80000,0x00000007bee80000,0x00000007c0000000)
 ParOldGen       total 222208K, used 210209K [0x0000000701400000, 0x000000070ed00000, 0x0000000780700000)
  object space 222208K, 94% used [0x0000000701400000,0x000000070e1487e8,0x000000070ed00000)
 Metaspace       used 34130K, capacity 35814K, committed 36184K, reserved 1081344K
  class space    used 4804K, capacity 5123K, committed 5248K, reserved 1048576K
Event: 1730.203 GC heap after
Heap after GC invocations=1135 (full 3):
 PSYoungGen      total 971776K, used 6464K [0x0000000780700000, 0x00000007bf500000, 0x00000007c0000000)
  eden space 965120K, 0% used [0x0000000780700000,0x0000000780700000,0x00000007bb580000)
  from space 6656K, 97% used [0x00000007bee80000,0x00000007bf4d0000,0x00000007bf500000)
  to   space 18432K, 0% used [0x00000007bd100000,0x00000007bd100000,0x00000007be300000)
 ParOldGen       total 222208K, used 210241K [0x0000000701400000, 0x000000070ed00000, 0x0000000780700000)
  object space 222208K, 94% used [0x0000000701400000,0x000000070e1507e8,0x000000070ed00000)
 Metaspace       used 34130K, capacity 35814K, committed 36184K, reserved 1081344K
  class space    used 4804K, capacity 5123K, committed 5248K, reserved 1048576K
}
Event: 1731.642 GC heap before
{Heap before GC invocations=1136 (full 3):
 PSYoungGen      total 971776K, used 971584K [0x0000000780700000, 0x00000007bf500000, 0x00000007c0000000)
  eden space 965120K, 100% used [0x0000000780700000,0x00000007bb580000,0x00000007bb580000)
  from space 6656K, 97% used [0x00000007bee80000,0x00000007bf4d0000,0x00000007bf500000)
  to   space 18432K, 0% used [0x00000007bd100000,0x00000007bd100000,0x00000007be300000)
 ParOldGen       total 222208K, used 210241K [0x0000000701400000, 0x000000070ed00000, 0x0000000780700000)
  object space 222208K, 94% used [0x0000000701400000,0x000000070e1507e8,0x000000070ed00000)
 Metaspace       used 34130K, capacity 35814K, committed 36184K, reserved 1081344K
  class space    used 4804K, capacity 5123K, committed 5248K, reserved 1048576K
Event: 1731.649 GC heap after
Heap after GC invocations=1136 (full 3):
 PSYoungGen      total 931840K, used 6752K [0x0000000780700000, 0x00000007bef00000, 0x00000007c0000000)
  eden space 924672K, 0% used [0x0000000780700000,0x0000000780700000,0x00000007b8e00000)
  from space 7168K, 94% used [0x00000007bd100000,0x00000007bd798000,0x00000007bd800000)
  to   space 18432K, 0% used [0x00000007bdd00000,0x00000007bdd00000,0x00000007bef00000)
 ParOldGen       total 222208K, used 210241K [0x0000000701400000, 0x000000070ed00000, 0x0000000780700000)
  object space 222208K, 94% used [0x0000000701400000,0x000000070e1507e8,0x000000070ed00000)
 Metaspace       used 34130K, capacity 35814K, committed 36184K, reserved 1081344K
  class space    used 4804K, capacity 5123K, committed 5248K, reserved 1048576K
}
Event: 1733.028 GC heap before
{Heap before GC invocations=1137 (full 3):
 PSYoungGen      total 931840K, used 931424K [0x0000000780700000, 0x00000007bef00000, 0x00000007c0000000)
  eden space 924672K, 100% used [0x0000000780700000,0x00000007b8e00000,0x00000007b8e00000)
  from space 7168K, 94% used [0x00000007bd100000,0x00000007bd798000,0x00000007bd800000)
  to   space 18432K, 0% used [0x00000007bdd00000,0x00000007bdd00000,0x00000007bef00000)
 ParOldGen       total 222208K, used 210241K [0x0000000701400000, 0x000000070ed00000, 0x0000000780700000)
  object space 222208K, 94% used [0x0000000701400000,0x000000070e1507e8,0x000000070ed00000)
 Metaspace       used 34130K, capacity 35814K, committed 36184K, reserved 1081344K
  class space    used 4804K, capacity 5123K, committed 5248K, reserved 1048576K
Event: 1733.034 GC heap after
Heap after GC invocations=1137 (full 3):
 PSYoungGen      total 893952K, used 7296K [0x0000000780700000, 0x00000007be480000, 0x00000007c0000000)
  eden space 886272K, 0% used [0x0000000780700000,0x0000000780700000,0x00000007b6880000)
  from space 7680K, 95% used [0x00000007bdd00000,0x00000007be420000,0x00000007be480000)
  to   space 18432K, 0% used [0x00000007bc080000,0x00000007bc080000,0x00000007bd280000)
 ParOldGen       total 222208K, used 210241K [0x0000000701400000, 0x000000070ed00000, 0x0000000780700000)
  object space 222208K, 94% used [0x0000000701400000,0x000000070e1507e8,0x000000070ed00000)
 Metaspace       used 34130K, capacity 35814K, committed 36184K, reserved 1081344K
  class space    used 4804K, capacity 5123K, committed 5248K, reserved 1048576K
}
Event: 1734.356 GC heap before
{Heap before GC invocations=1138 (full 3):
 PSYoungGen      total 893952K, used 893568K [0x0000000780700000, 0x00000007be480000, 0x00000007c0000000)
  eden space 886272K, 100% used [0x0000000780700000,0x00000007b6880000,0x00000007b6880000)
  from space 7680K, 95% used [0x00000007bdd00000,0x00000007be420000,0x00000007be480000)
  to   space 18432K, 0% used [0x00000007bc080000,0x00000007bc080000,0x00000007bd280000)
 ParOldGen       total 222208K, used 210241K [0x0000000701400000, 0x000000070ed00000, 0x0000000780700000)
  object space 222208K, 94% used [0x0000000701400000,0x000000070e1507e8,0x000000070ed00000)
 Metaspace       used 34130K, capacity 35814K, committed 36184K, reserved 1081344K
  class space    used 4804K, capacity 5123K, committed 5248K, reserved 1048576K
Event: 1734.362 GC heap after
Heap after GC invocations=1138 (full 3):
 PSYoungGen      total 857600K, used 7680K [0x0000000780700000, 0x00000007bdd80000, 0x00000007c0000000)
  eden space 849920K, 0% used [0x0000000780700000,0x0000000780700000,0x00000007b4500000)
  from space 7680K, 100% used [0x00000007bc080000,0x00000007bc800000,0x00000007bc800000)
  to   space 18432K, 0% used [0x00000007bcb80000,0x00000007bcb80000,0x00000007bdd80000)
 ParOldGen       total 222208K, used 210241K [0x0000000701400000, 0x000000070ed00000, 0x0000000780700000)
  object space 222208K, 94% used [0x0000000701400000,0x000000070e1507e8,0x000000070ed00000)
 Metaspace       used 34130K, capacity 35814K, committed 36184K, reserved 1081344K
  class space    used 4804K, capacity 5123K, committed 5248K, reserved 1048576K
}

