# JRE version: Java(TM) SE Runtime Environment (8.0_131-b11) (build 1.8.0_131-b11)
# Java VM: Java HotSpot(TM) 64-Bit Server VM (25.131-b11 mixed mode windows-amd64 compressed oops)
Heap:
 PSYoungGen      total 171008K, used 2975K [0x0000000780700000, 0x0000000793180000, 0x00000007c0000000)
  eden space 167936K, 0% used [0x0000000780700000,0x0000000780700000,0x000000078ab00000)
  from space 3072K, 96% used [0x0000000792e80000,0x0000000793167f40,0x0000000793180000)
  to   space 11264K, 0% used [0x0000000791b80000,0x0000000791b80000,0x0000000792680000)
 ParOldGen       total 131072K, used 19901K [0x0000000701400000, 0x0000000709400000, 0x0000000780700000)
  object space 131072K, 15% used [0x0000000701400000,0x000000070276f7c8,0x0000000709400000)
 Metaspace       used 16210K, capacity 16734K, committed 17024K, reserved 1064960K
  class space    used 1844K, capacity 2054K, committed 2176K, reserved 1048576K
GC Heap History (10 events):
Event: 18.587 GC heap after
Heap after GC invocations=10 (full 0):
 PSYoungGen      total 190464K, used 2000K [0x0000000780700000, 0x0000000794700000, 0x00000007c0000000)
  eden space 188416K, 0% used [0x0000000780700000,0x0000000780700000,0x000000078bf00000)
  from space 2048K, 97% used [0x0000000794500000,0x00000007946f4010,0x0000000794700000)
  to   space 11776K, 0% used [0x0000000793000000,0x0000000793000000,0x0000000793b80000)
 ParOldGen       total 131072K, used 10885K [0x0000000701400000, 0x0000000709400000, 0x0000000780700000)
  object space 131072K, 8% used [0x0000000701400000,0x0000000701ea1788,0x0000000709400000)
 Metaspace       used 14795K, capacity 15178K, committed 15488K, reserved 1062912K
  class space    used 1725K, capacity 1834K, committed 1920K, reserved 1048576K
}
Event: 19.247 GC heap before
{Heap before GC invocations=11 (full 0):
 PSYoungGen      total 190464K, used 190416K [0x0000000780700000, 0x0000000794700000, 0x00000007c0000000)
  eden space 188416K, 100% used [0x0000000780700000,0x000000078bf00000,0x000000078bf00000)
  from space 2048K, 97% used [0x0000000794500000,0x00000007946f4010,0x0000000794700000)
  to   space 11776K, 0% used [0x0000000793000000,0x0000000793000000,0x0000000793b80000)
 ParOldGen       total 131072K, used 10885K [0x0000000701400000, 0x0000000709400000, 0x0000000780700000)
  object space 131072K, 8% used [0x0000000701400000,0x0000000701ea1788,0x0000000709400000)
 Metaspace       used 14795K, capacity 15178K, committed 15488K, reserved 1062912K
  class space    used 1725K, capacity 1834K, committed 1920K, reserved 1048576K
Event: 19.249 GC heap after
Heap after GC invocations=11 (full 0):
 PSYoungGen      total 182784K, used 1032K [0x0000000780700000, 0x0000000794580000, 0x00000007c0000000)
  eden space 181248K, 0% used [0x0000000780700000,0x0000000780700000,0x000000078b800000)
  from space 1536K, 67% used [0x0000000793000000,0x0000000793102010,0x0000000793180000)
  to   space 12288K, 0% used [0x0000000793980000,0x0000000793980000,0x0000000794580000)
 ParOldGen       total 131072K, used 12789K [0x0000000701400000, 0x0000000709400000, 0x0000000780700000)
  object space 131072K, 9% used [0x0000000701400000,0x000000070207d798,0x0000000709400000)
 Metaspace       used 14795K, capacity 15178K, committed 15488K, reserved 1062912K
  class space    used 1725K, capacity 1834K, committed 1920K, reserved 1048576K
}
Event: 27.251 GC heap before
{Heap before GC invocations=12 (full 0):
 PSYoungGen      total 182784K, used 182280K [0x0000000780700000, 0x0000000794580000, 0x00000007c0000000)
  eden space 181248K, 100% used [0x0000000780700000,0x000000078b800000,0x000000078b800000)
  from space 1536K, 67% used [0x0000000793000000,0x0000000793102010,0x0000000793180000)
  to   space 12288K, 0% used [0x0000000793980000,0x0000000793980000,0x0000000794580000)
 ParOldGen       total 131072K, used 12789K [0x0000000701400000, 0x0000000709400000, 0x0000000780700000)
  object space 131072K, 9% used [0x0000000701400000,0x000000070207d798,0x0000000709400000)
 Metaspace       used 14795K, capacity 15178K, committed 15488K, reserved 1062912K
  class space    used 1725K, capacity 1834K, committed 1920K, reserved 1048576K
Event: 27.255 GC heap after
Heap after GC invocations=12 (full 0):
 PSYoungGen      total 180736K, used 6073K [0x0000000780700000, 0x0000000793f80000, 0x00000007c0000000)
  eden space 174592K, 0% used [0x0000000780700000,0x0000000780700000,0x000000078b180000)
  from space 6144K, 98% used [0x0000000793980000,0x0000000793f6e548,0x0000000793f80000)
  to   space 11776K, 0% used [0x0000000792880000,0x0000000792880000,0x0000000793400000)
 ParOldGen       total 131072K, used 13629K [0x0000000701400000, 0x0000000709400000, 0x0000000780700000)
  object space 131072K, 10% used [0x0000000701400000,0x000000070214f798,0x0000000709400000)
 Metaspace       used 14795K, capacity 15178K, committed 15488K, reserved 1062912K
  class space    used 1725K, capacity 1834K, committed 1920K, reserved 1048576K
}
Event: 37.889 GC heap before
{Heap before GC invocations=13 (full 0):
 PSYoungGen      total 180736K, used 180665K [0x0000000780700000, 0x0000000793f80000, 0x00000007c0000000)
  eden space 174592K, 100% used [0x0000000780700000,0x000000078b180000,0x000000078b180000)
  from space 6144K, 98% used [0x0000000793980000,0x0000000793f6e548,0x0000000793f80000)
  to   space 11776K, 0% used [0x0000000792880000,0x0000000792880000,0x0000000793400000)
 ParOldGen       total 131072K, used 13629K [0x0000000701400000, 0x0000000709400000, 0x0000000780700000)
  object space 131072K, 10% used [0x0000000701400000,0x000000070214f798,0x0000000709400000)
 Metaspace       used 15193K, capacity 15510K, committed 15744K, reserved 1062912K
  class space    used 1739K, capacity 1836K, committed 1920K, reserved 1048576K
Event: 37.902 GC heap after
Heap after GC invocations=13 (full 0):
 PSYoungGen      total 172032K, used 3648K [0x0000000780700000, 0x0000000793a00000, 0x00000007c0000000)
  eden space 167936K, 0% used [0x0000000780700000,0x0000000780700000,0x000000078ab00000)
  from space 4096K, 89% used [0x0000000792880000,0x0000000792c10020,0x0000000792c80000)
  to   space 11776K, 0% used [0x0000000792e80000,0x0000000792e80000,0x0000000793a00000)
 ParOldGen       total 131072K, used 18405K [0x0000000701400000, 0x0000000709400000, 0x0000000780700000)
  object space 131072K, 14% used [0x0000000701400000,0x00000007025f97a8,0x0000000709400000)
 Metaspace       used 15193K, capacity 15510K, committed 15744K, reserved 1062912K
  class space    used 1739K, capacity 1836K, committed 1920K, reserved 1048576K
}
Event: 50.573 GC heap before
{Heap before GC invocations=14 (full 0):
 PSYoungGen      total 172032K, used 59144K [0x0000000780700000, 0x0000000793a00000, 0x00000007c0000000)
  eden space 167936K, 33% used [0x0000000780700000,0x0000000783d32170,0x000000078ab00000)
  from space 4096K, 89% used [0x0000000792880000,0x0000000792c10020,0x0000000792c80000)
  to   space 11776K, 0% used [0x0000000792e80000,0x0000000792e80000,0x0000000793a00000)
 ParOldGen       total 131072K, used 18405K [0x0000000701400000, 0x0000000709400000, 0x0000000780700000)
  object space 131072K, 14% used [0x0000000701400000,0x00000007025f97a8,0x0000000709400000)
 Metaspace       used 16210K, capacity 16734K, committed 17024K, reserved 1064960K
  class space    used 1844K, capacity 2054K, committed 2176K, reserved 1048576K
Event: 50.577 GC heap after
Heap after GC invocations=14 (full 0):
 PSYoungGen      total 171008K, used 2975K [0x0000000780700000, 0x0000000793180000, 0x00000007c0000000)
  eden space 167936K, 0% used [0x0000000780700000,0x0000000780700000,0x000000078ab00000)
  from space 3072K, 96% used [0x0000000792e80000,0x0000000793167f40,0x0000000793180000)
  to   space 11264K, 0% used [0x0000000791b80000,0x0000000791b80000,0x0000000792680000)
 ParOldGen       total 131072K, used 19901K [0x0000000701400000, 0x0000000709400000, 0x0000000780700000)
  object space 131072K, 15% used [0x0000000701400000,0x000000070276f7c8,0x0000000709400000)
 Metaspace       used 16210K, capacity 16734K, committed 17024K, reserved 1064960K
  class space    used 1844K, capacity 2054K, committed 2176K, reserved 1048576K
}
Event: 50.577 GC heap before
{Heap before GC invocations=15 (full 1):
 PSYoungGen      total 171008K, used 2975K [0x0000000780700000, 0x0000000793180000, 0x00000007c0000000)
  eden space 167936K, 0% used [0x0000000780700000,0x0000000780700000,0x000000078ab00000)
  from space 3072K, 96% used [0x0000000792e80000,0x0000000793167f40,0x0000000793180000)
  to   space 11264K, 0% used [0x0000000791b80000,0x0000000791b80000,0x0000000792680000)
 ParOldGen       total 131072K, used 19901K [0x0000000701400000, 0x0000000709400000, 0x0000000780700000)
  object space 131072K, 15% used [0x0000000701400000,0x000000070276f7c8,0x0000000709400000)
 Metaspace       used 16210K, capacity 16734K, committed 17024K, reserved 1064960K
  class space    used 1844K, capacity 2054K, committed 2176K, reserved 1048576K

